<?xml version="1.0" encoding="UTF-8"?>
<!-- Generated by org.testng.reporters.JUnitReportReporter -->
<testsuite hostname="Shubham-Tripathi" failures="0" tests="2" name="testNG.DataProviderEx1" time="0.022" errors="0" timestamp="2024-08-30T20:05:15 IST" skipped="0">
  <testcase classname="testNG.DataProviderEx1" name="bookTicketstest" time="0.014"/>
  <system-out/>
  <testcase classname="testNG.DataProviderEx1" name="bookTicketstest" time="0.008"/>
  <system-out/>
</testsuite> <!-- testNG.DataProviderEx1 -->
