<?xml version="1.0" encoding="UTF-8"?>
<!-- Generated by org.testng.reporters.JUnitReportReporter -->
<testsuite hostname="Shubham-Tripathi" failures="0" tests="1" name="testNG_Vtiger.Create_OrganizationTest" time="37.867" errors="0" timestamp="2024-09-09T19:59:33 IST" skipped="0">
  <testcase classname="testNG_Vtiger.Create_OrganizationTest" name="create_OrganizationTest" time="37.867"/>
  <system-out/>
</testsuite> <!-- testNG_Vtiger.Create_OrganizationTest -->
