<?xml version="1.0" encoding="UTF-8"?>
<!-- Generated by org.testng.reporters.JUnitReportReporter -->
<testsuite hostname="Shubham-Tripathi" failures="0" tests="5" name="testNG.SampleTest" time="0.039" errors="0" timestamp="2024-08-30T19:15:23 IST" skipped="0">
  <testcase classname="testNG.SampleTest" name="createProduct" time="0.018"/>
  <system-out/>
  <testcase classname="testNG.SampleTest" name="modifyProduct" time="0.007"/>
  <system-out/>
  <testcase classname="testNG.SampleTest" name="createProduct" time="0.005"/>
  <system-out/>
  <testcase classname="testNG.SampleTest" name="deleteProduct" time="0.004"/>
  <system-out/>
  <testcase classname="testNG.SampleTest" name="createProduct" time="0.005"/>
  <system-out/>
</testsuite> <!-- testNG.SampleTest -->
