<?xml version="1.0" encoding="UTF-8"?>
<!-- Generated by org.testng.reporters.JUnitReportReporter -->
<testsuite hostname="Shubham-Tripathi" failures="0" tests="1" name="testNG_Vtiger.Create_Campaign_With_ProductTest" time="32.492" errors="0" timestamp="2024-09-02T22:25:01 IST" skipped="0">
  <testcase classname="testNG_Vtiger.Create_Campaign_With_ProductTest" name="create_Campaign_With_ProductTest" time="32.492"/>
  <system-out/>
</testsuite> <!-- testNG_Vtiger.Create_Campaign_With_ProductTest -->
