<?xml version="1.0" encoding="UTF-8"?>
<!-- Generated by org.testng.reporters.JUnitReportReporter -->
<testsuite hostname="Shubham-Tripathi" failures="0" tests="2" name="testNG.DataProviderEx3Test" time="61.884" errors="0" timestamp="2024-09-02T21:58:51 IST" skipped="0">
  <testcase classname="testNG.DataProviderEx3Test" name="Create_Organization" time="35.192"/>
  <system-out/>
  <testcase classname="testNG.DataProviderEx3Test" name="Create_Organization" time="26.692"/>
  <system-out/>
</testsuite> <!-- testNG.DataProviderEx3Test -->
