<?xml version="1.0" encoding="UTF-8"?>
<!-- Generated by org.testng.reporters.JUnitReportReporter -->
<testsuite hostname="Shubham-Tripathi" failures="0" tests="1" name="testNG_Vtiger.Multiple_MethodsTest" time="40.147" errors="0" timestamp="2024-09-05T10:24:51 IST" skipped="0">
  <testcase classname="testNG_Vtiger.Multiple_MethodsTest" name="createCampaignTest" time="40.147"/>
  <system-out/>
</testsuite> <!-- testNG_Vtiger.Multiple_MethodsTest -->
