<?xml version="1.0" encoding="UTF-8"?>
<!-- Generated by org.testng.reporters.JUnitReportReporter -->
<testsuite hostname="Shubham-Tripathi" failures="0" tests="1" name="testNG_Vtiger.B" time="0.019" errors="0" timestamp="2024-09-05T21:51:07 GMT+05:30" skipped="0">
  <testcase classname="testNG_Vtiger.B" name="asf" time="0.019"/>
  <system-out/>
</testsuite> <!-- testNG_Vtiger.B -->
