<?xml version="1.0" encoding="UTF-8"?>
<!-- Generated by org.testng.reporters.JUnitReportReporter -->
<testsuite hostname="Shubham-Tripathi" failures="0" tests="2" name="testNG.DataProviderEx4Test" time="114.638" errors="0" timestamp="2024-09-05T10:06:27 IST" skipped="0">
  <testcase classname="testNG.DataProviderEx4Test" name="organizationModuleTest" time="52.097"/>
  <system-out/>
  <testcase classname="testNG.DataProviderEx4Test" name="organizationModuleTest" time="62.541"/>
  <system-out/>
</testsuite> <!-- testNG.DataProviderEx4Test -->
