<?xml version="1.0" encoding="UTF-8"?>
<!-- Generated by org.testng.reporters.JUnitReportReporter -->
<testsuite hostname="Shubham-Tripathi" failures="0" tests="3" name="testNG.DataProviderEx2" time="0.035" errors="0" timestamp="2024-08-30T20:30:29 IST" skipped="0">
  <testcase classname="testNG.DataProviderEx2" name="bookTicketstest" time="0.007"/>
  <system-out/>
  <testcase classname="testNG.DataProviderEx2" name="bookTicketstest" time="0.018"/>
  <system-out/>
  <testcase classname="testNG.DataProviderEx2" name="bookTicketstest" time="0.010"/>
  <system-out/>
</testsuite> <!-- testNG.DataProviderEx2 -->
