<?xml version="1.0" encoding="UTF-8"?>
<!-- Generated by org.testng.reporters.JUnitReportReporter -->
<testsuite hostname="Shubham-Tripathi" failures="0" tests="1" name="testNG.HardAssertEx" time="0.016" errors="0" timestamp="2024-09-04T18:51:46 IST" skipped="0">
  <testcase classname="testNG.HardAssertEx" name="m2" time="0.016"/>
  <system-out/>
</testsuite> <!-- testNG.HardAssertEx -->
